
 Uniaxial Tension 

 C O N T R O L   I N F O R M A T I O N

      NUMBER OF NODAL POINTS . . . . . . . . . . (NUMNP)  =          9 
      NUMBER OF ELEMENT GROUPS . . . . . . . . . (NUMEG)  =          1 
      NUMBER OF LOAD CASES . . . . . . . . . . . (NLCASE) =          1 
      SOLUTION MODE  . . . . . . . . . . . . . . (MODEX)  =          1 
         EQ.0, DATA CHECK 
         EQ.1, EXECUTION


 N O D A L   P O I N T   D A T A 

       NODE          BOUNDARY                         NODAL POINT
      NUMBER     CONDITION  CODES                     COORDINATES
                    X    Y    Z               X            Y            Z
         1          1    1    1              0.000        0.000        0.000
         2          1    1    1              0.000        1.000        0.000
         3          1    1    1              0.000        2.000        0.000
         4          0    1    1              1.000        0.000        0.000
         5          0    0    1              1.000        1.000        0.000
         6          0    1    1              1.000        2.000        0.000
         7          0    1    1              2.000        0.000        0.000
         8          0    0    1              2.000        1.000        0.000
         9          0    1    1              2.000        2.000        0.000


 EQUATION NUMBERS

        NODE         DEGREES OF FREEDOM
       NUMBER
          N                  X         Y         Z
          1                  0         0         0
          2                  0         0         0
          3                  0         0         0
          4                  1         0         0
          5                  2         3         0
          6                  4         0         0
          7                  5         0         0
          8                  6         7         0
          9                  8         0         0


 L O A D   C A S E   D A T A

     LOAD CASE NUMBER . . . . . . . =          1
     NUMBER OF CONCENTRATED LOADS . =          3


        NODE       DIRECTION      LOAD
       NUMBER                   MAGNITUDE
         7            1        1.00000e+00 
         8            1        2.00000e+00 
         9            1        1.00000e+00 


 E L E M E N T   G R O U P   D A T A


 E L E M E N T   D E F I N I T I O N

 ELEMENT TYPE  . . . . . . . . . . . . .( NPAR(1) ) . . =          2
     EQ.1, TRUSS ELEMENTS
     EQ.2, ELEMENTS CURRENTLY
     EQ.3, NOT AVAILABLE
 NUMBER OF ELEMENTS. . . . . . . . . . .( NPAR(2) ) . . =          4

 M A T E R I A L   D E F I N I T I O N

 NUMBER OF DIFFERENT SETS OF MATERIAL
 AND CROSS-SECTIONAL  CONSTANTS  . . . .( NPAR(3) ) . . =          1
  SET       YOUNG'S       POISSON'S         ELEMENT     GAUSS NUMERICAL  
 NUMBER     MODULUS         RATIO          THICKNESS   INTEGRATION ORDER 
               E              PR              THIC            NINT 
    1     1.00000e+05        0.2         1.000000e+00         4


 E L E M E N T   I N F O R M A T I O N

      ELEMENT          NODE        NODE        NODE        NODE       MATERIAL
      NUMBER-N           I           J           K           L       SET NUMBER
         1               1           4           5           2           1
         2               2           5           6           3           1
         3               4           7           8           5           1
         4               5           8           9           6           1


  TOTAL SYSTEM DATA

     NUMBER OF EQUATIONS . . . . . . . . . . . . . .(NEQ) =          8
     NUMBER OF MATRIX ELEMENTS . . . . . . . . . . .(NWK) =         34
     MAXIMUM HALF BANDWIDTH  . . . . . . . . . . . .(MK ) =          7
     MEAN HALF BANDWIDTH . . . . . . . . . . . . . .(MM ) =          4


 LOAD CASE   1

 D I S P L A C E M E N T S

       NODE           X-DISPLACEMENT    Y-DISPLACEMENT    Z-DISPLACEMENT
          1              0.000000e+00      0.000000e+00      0.000000e+00
          2              0.000000e+00      0.000000e+00      0.000000e+00
          3              0.000000e+00      0.000000e+00      0.000000e+00
          4              1.800000e-05      0.000000e+00      0.000000e+00
          5              1.800000e-05     -4.001639e-23      0.000000e+00
          6              1.800000e-05      0.000000e+00      0.000000e+00
          7              3.600000e-05      0.000000e+00      0.000000e+00
          8              3.600000e-05     -2.541099e-21      0.000000e+00
          9              3.600000e-05      0.000000e+00      0.000000e+00


  S T R E S S  C A L C U L A T I O N S  F O R  E L E M E N T  G R O U P    1

       ELEMENT             SoildSX            SoildSY            SoildSXY
       NUMBER
          1            2.000000e+00     5.000000e-01    -8.336749e-19
          2            2.000000e+00     5.000000e-01     1.407553e-16
          3            2.000000e+00     5.000000e-01    -6.092914e-17
          4            2.000000e+00     5.000000e-01     1.058791e-16


  MAX SolidSX  

       SolidSX            ½Úµã×ø±ê

     2.000000e+00      (1.0000 , 2.0000) 


 S O L U T I O N   T I M E   L O G   I N   S E C

     TIME FOR INPUT PHASE  . . . . . . . . . . . . . . =         0.12
     TIME FOR CALCULATION OF STIFFNESS MATRIX  . . . . =         0.08
     TIME FOR FACTORIZATION OF STIFFNESS MATRIX  . . . =         0.03
     TIME FOR LOAD CASE SOLUTIONS  . . . . . . . . . . =         0.03

      T O T A L   S O L U T I O N   T I M E  . . . . . =         0.25
