
 Uniaxial Tension 

 C O N T R O L   I N F O R M A T I O N

      NUMBER OF NODAL POINTS . . . . . . . . . . (NUMNP)  =          8 
      NUMBER OF ELEMENT GROUPS . . . . . . . . . (NUMEG)  =          1 
      NUMBER OF LOAD CASES . . . . . . . . . . . (NLCASE) =          1 
<<<<<<< HEAD
      SOLUTION MODE  . . . . . . . . . . . . . . (MODEX)  =          1 
=======
      SOLUTION MODE  . . . . . . . . . . . . . . (MODEX)  =          2 
>>>>>>> 增添了三种质量矩阵生成方式
         EQ.0, DATA CHECK 
         EQ.1, EXECUTION


 N O D A L   P O I N T   D A T A 

       NODE          BOUNDARY                         NODAL POINT
      NUMBER     CONDITION  CODES                     COORDINATES
                    X    Y    Z               X            Y            Z
         1          1    1    1              0.000        0.000        0.000
         2          1    1    1              1.000        0.000        0.000
         3          0    0    1              1.000        1.000        0.000
         4          0    0    1              0.000        1.000        0.000
         5          1    1    1              0.500        0.000        0.000
         6          0    0    1              1.000        0.500        0.000
         7          0    0    1              0.500        1.000        0.000
         8          0    0    1              0.000        0.500        0.000


 EQUATION NUMBERS

        NODE         DEGREES OF FREEDOM
       NUMBER
          N                  X         Y         Z
          1                  0         0         0
          2                  0         0         0
          3                  1         2         0
          4                  3         4         0
          5                  0         0         0
          6                  5         6         0
          7                  7         8         0
          8                  9        10         0


 L O A D   C A S E   D A T A

     LOAD CASE NUMBER . . . . . . . =          1
     NUMBER OF CONCENTRATED LOADS . =          3


        NODE       DIRECTION      LOAD
       NUMBER                   MAGNITUDE
         2            1        1.04667e+01 
         3            1        1.04667e+01 
         6            1        4.18667e+01 


 E L E M E N T   G R O U P   D A T A


 E L E M E N T   D E F I N I T I O N

 ELEMENT TYPE  . . . . . . . . . . . . .( NPAR(1) ) . . =          3
     EQ.1, TRUSS ELEMENTS
     EQ.2, ELEMENTS CURRENTLY
     EQ.3, NOT AVAILABLE
 NUMBER OF ELEMENTS. . . . . . . . . . .( NPAR(2) ) . . =          1

 M A T E R I A L   D E F I N I T I O N

 NUMBER OF DIFFERENT SETS OF MATERIAL
 AND CROSS-SECTIONAL  CONSTANTS  . . . .( NPAR(3) ) . . =          1
  SET       YOUNG'S       POISSON'S         GAUSS NUMERICAL  
 NUMBER     MODULUS         RATIO       INTEGRATION ORDER 
               E              PR                  NINT 
<<<<<<< HEAD
    1     1.00000e+05        0.2         2.000000e+00 
=======
    1     1.00000e+05        0.2         7.900000e+00 
>>>>>>> 增添了三种质量矩阵生成方式


 E L E M E N T   I N F O R M A T I O N

      ELEMENT          NODE        NODE        NODE        NODE              NODE        NODE        NODE        NODE      MATERIAL
      NUMBER-N           I           J           K           L          A          B           C         D       SET NUMBER
         1               1           2           3           4          5           6           7           8           1
<<<<<<< HEAD


  TOTAL SYSTEM DATA

     NUMBER OF EQUATIONS . . . . . . . . . . . . . .(NEQ) =         10
     NUMBER OF MATRIX ELEMENTS . . . . . . . . . . .(NWK) =         55
     MAXIMUM HALF BANDWIDTH  . . . . . . . . . . . .(MK ) =         10
     MEAN HALF BANDWIDTH . . . . . . . . . . . . . .(MM ) =          6
=======
>>>>>>> 增添了三种质量矩阵生成方式
