
 PoreSC 

 C O N T R O L   I N F O R M A T I O N

      NUMBER OF NODAL POINTS . . . . . . . . . . (NUMNP)  =        713 
      NUMBER OF ELEMENT GROUPS . . . . . . . . . (NUMEG)  =          1 
      NUMBER OF LOAD CASES . . . . . . . . . . . (NLCASE) =          1 
      SOLUTION MODE  . . . . . . . . . . . . . . (MODEX)  =          2 
         EQ.0, DATA CHECK 
         EQ.1, EXECUTION


 N O D A L   P O I N T   D A T A 

       NODE          BOUNDARY                         NODAL POINT
      NUMBER     CONDITION  CODES                     COORDINATES
                    X    Y    Z               X            Y            Z
         1          0    0    1              0.191        0.462        0.000
         2          0    0    1              0.215        0.451        0.000
         3          0    0    1              0.227        0.446        0.000
         4          0    0    1              0.179        0.467        0.000
         5          0    0    1              0.203        0.457        0.000
         6          0    0    1              0.196        0.474        0.000
         7          0    0    1              0.221        0.466        0.000
         8          0    0    1              0.239        0.439        0.000
         9          0    0    1              0.233        0.460        0.000
        10          0    0    1              0.167        0.471        0.000
        11          0    0    1              0.185        0.479        0.000
        12          0    0    1              0.208        0.471        0.000
        13          0    0    1              0.199        0.484        0.000
        14          0    0    1              0.227        0.480        0.000
        15          0    0    1              0.142        0.479        0.000
        16          0    0    1              0.283        0.412        0.000
        17          0    0    1              0.078        0.494        0.000
        18          0    0    1              0.104        0.489        0.000
        19          0    0    1              0.250        0.433        0.000
        20          0    0    1              0.245        0.454        0.000
        21          0    0    1              0.239        0.474        0.000
        22          0    0    1              0.155        0.476        0.000
        23          0    0    1              0.173        0.485        0.000
        24          0    0    1              0.192        0.491        0.000
        25          0    0    1              0.212        0.487        0.000
        26          0    0    1              0.234        0.494        0.000
        27          0    0    1              0.129        0.483        0.000
        28          0    0    1              0.147        0.495        0.000
        29          0    0    1              0.272        0.419        0.000
        30          0    0    1              0.294        0.405        0.000
        31          0    0    1              0.292        0.425        0.000
        32          0    0    1              0.091        0.492        0.000
        33          0    0    1              0.065        0.496        0.000
        34          0    0    1              0.085        0.509        0.000
        35          0    0    1              0.117        0.486        0.000
        36          0    0    1              0.110        0.503        0.000
        37          0    0    1              0.261        0.426        0.000
        38          0    0    1              0.257        0.447        0.000
        39          0    0    1              0.252        0.468        0.000
        40          0    0    1              0.246        0.488        0.000
        41          0    0    1              0.161        0.490        0.000
        42          0    0    1              0.240        0.503        0.000
        43          0    0    1              0.181        0.498        0.000
        44          0    0    1              0.202        0.502        0.000
        45          0    0    1              0.224        0.502        0.000
        46          0    0    1              0.134        0.499        0.000
        47          0    0    1              0.155        0.512        0.000
        48          0    0    1              0.281        0.433        0.000
        49          0    0    1              0.344        0.363        0.000
        50          0    0    1              0.325        0.380        0.000
        51          0    0    1              0.304        0.397        0.000
        52          0    0    1              0.304        0.417        0.000
        53          0    0    1              0.302        0.438        0.000
        54          0    0    1              0.095        0.505        0.000
        55          0    0    1              0.052        0.497        0.000
        56          0    0    1              0.073        0.513        0.000
        57          0    0    1              0.092        0.525        0.000
        58          1    0    1              0.000        0.500        0.000
        59          0    0    1              0.121        0.502        0.000
        60          0    0    1              0.111        0.515        0.000
        61          0    0    1              0.269        0.440        0.000
        62          0    0    1              0.265        0.462        0.000
        63          0    0    1              0.259        0.483        0.000
        64          0    0    1              0.250        0.502        0.000
        65          0    0    1              0.168        0.505        0.000
        66          0    0    1              0.236        0.512        0.000
        67          0    0    1              0.191        0.513        0.000
        68          0    0    1              0.214        0.515        0.000
        69          0    0    1              0.141        0.518        0.000
        70          0    0    1              0.164        0.530        0.000
        71          0    0    1              0.290        0.447        0.000
        72          0    0    1              0.354        0.354        0.000
        73          0    0    1              0.335        0.372        0.000
        74          0    0    1              0.356        0.375        0.000
        75          0    0    1              0.315        0.389        0.000
        76          0    0    1              0.335        0.392        0.000
        77          0    0    1              0.314        0.409        0.000
        78          0    0    1              0.314        0.430        0.000
        79          0    0    1              0.313        0.452        0.000
        80          0    0    1              0.405        0.294        0.000
        81          0    0    1              0.039        0.498        0.000
        82          0    0    1              0.104        0.521        0.000
        83          0    0    1              0.060        0.516        0.000
        84          0    0    1              0.081        0.531        0.000
        85          0    0    1              0.101        0.541        0.000
        86          0    0    1              0.013        0.500        0.000
        87          1    0    1              0.000        0.515        0.000
        88          0    0    1              0.125        0.520        0.000
        89          0    0    1              0.278        0.455        0.000
        90          0    0    1              0.273        0.477        0.000
        91          0    0    1              0.265        0.499        0.000
        92          0    0    1              0.251        0.517        0.000
        93          0    0    1              0.178        0.523        0.000
        94          0    0    1              0.229        0.527        0.000
        95          0    0    1              0.204        0.529        0.000
        96          0    0    1              0.150        0.537        0.000
        97          0    0    1              0.175        0.549        0.000
        98          0    0    1              0.300        0.461        0.000
        99          0    0    1              0.363        0.344        0.000
       100          0    0    1              0.365        0.365        0.000
       101          0    0    1              0.345        0.384        0.000
       102          0    0    1              0.367        0.387        0.000
       103          0    0    1              0.325        0.401        0.000
       104          0    0    1              0.347        0.403        0.000
       105          0    0    1              0.325        0.422        0.000
       106          0    0    1              0.324        0.443        0.000
       107          0    0    1              0.328        0.467        0.000
       108          0    0    1              0.397        0.304        0.000
       109          0    0    1              0.412        0.283        0.000
       110          0    0    1              0.417        0.303        0.000
       111          0    0    1              0.026        0.499        0.000
       112          0    0    1              0.046        0.519        0.000
       113          0    0    1              0.112        0.534        0.000
       114          0    0    1              0.068        0.536        0.000
       115          0    0    1              0.090        0.549        0.000
       116          0    0    1              0.111        0.557        0.000
       117          0    0    1              0.016        0.519        0.000
       118          1    0    1              0.000        0.536        0.000
       119          0    0    1              0.135        0.544        0.000
       120          0    0    1              0.287        0.470        0.000
       121          0    0    1              0.281        0.495        0.000
       122          0    0    1              0.269        0.519        0.000
       123          0    0    1              0.250        0.538        0.000
       124          0    0    1              0.192        0.541        0.000
       125          0    0    1              0.221        0.547        0.000
       126          0    0    1              0.160        0.557        0.000
       127          0    0    1              0.183        0.565        0.000
       128          0    0    1              0.313        0.477        0.000
       129          0    0    1              0.372        0.335        0.000
       130          0    0    1              0.375        0.355        0.000
       131          0    0    1              0.377        0.377        0.000
       132          0    0    1              0.381        0.399        0.000
       133          0    0    1              0.357        0.397        0.000
       134          0    0    1              0.335        0.413        0.000
       135          0    0    1              0.353        0.414        0.000
       136          0    0    1              0.336        0.435        0.000
       137          0    0    1              0.332        0.454        0.000
       138          0    0    1              0.342        0.478        0.000
       139          0    0    1              0.389        0.315        0.000
       140          0    0    1              0.409        0.314        0.000
       141          0    0    1              0.419        0.272        0.000
       142          0    0    1              0.424        0.293        0.000
       143          0    0    1              0.428        0.312        0.000
       144          0    0    1              0.031        0.520        0.000
       145          0    0    1              0.054        0.541        0.000
       146          0    0    1              0.122        0.550        0.000
       147          0    0    1              0.078        0.557        0.000
       148          0    0    1              0.101        0.566        0.000
       149          0    0    1              0.119        0.569        0.000
       150          0    0    1              0.019        0.542        0.000
       151          1    0    1              0.000        0.563        0.000
       152          0    0    1              0.147        0.565        0.000
       153          0    0    1              0.297        0.487        0.000
       154          0    0    1              0.290        0.516        0.000
       155          0    0    1              0.273        0.542        0.000
       156          0    0    1              0.246        0.563        0.000
       157          0    0    1              0.205        0.567        0.000
       158          0    0    1              0.173        0.580        0.000
       159          0    0    1              0.328        0.495        0.000
       160          0    0    1              0.380        0.325        0.000
       161          0    0    1              0.384        0.345        0.000
       162          0    0    1              0.387        0.367        0.000
       163          0    0    1              0.390        0.388        0.000
       164          0    0    1              0.396        0.408        0.000
       165          0    0    1              0.369        0.413        0.000
       166          0    0    1              0.347        0.424        0.000
       167          0    0    1              0.350        0.454        0.000
       168          0    0    1              0.364        0.495        0.000
       169          0    0    1              0.426        0.261        0.000
       170          0    0    1              0.401        0.324        0.000
       171          0    0    1              0.421        0.323        0.000
       172          0    0    1              0.432        0.282        0.000
       173          0    0    1              0.436        0.303        0.000
       174          0    0    1              0.439        0.321        0.000
       175          0    0    1              0.037        0.543        0.000
       176          0    0    1              0.063        0.564        0.000
       177          0    0    1              0.132        0.568        0.000
       178          0    0    1              0.090        0.577        0.000
       179          0    0    1              0.113        0.582        0.000
       180          0    0    1              0.022        0.572        0.000
       181          1    0    1              0.000        0.600        0.000
       182          0    0    1              0.157        0.589        0.000
       183          0    0    1              0.310        0.508        0.000
       184          0    0    1              0.299        0.542        0.000
       185          0    0    1              0.276        0.574        0.000
       186          0    0    1              0.238        0.594        0.000
       187          0    0    1              0.193        0.600        0.000
       188          0    0    1              0.347        0.517        0.000
       189          0    0    1              0.393        0.335        0.000
       190          0    0    1              0.396        0.357        0.000
       191          0    0    1              0.400        0.376        0.000
       192          0    0    1              0.402        0.396        0.000
       193          0    0    1              0.408        0.413        0.000
       194          0    0    1              0.391        0.424        0.000
       195          0    0    1              0.363        0.435        0.000
       196          0    0    1              0.377        0.470        0.000
       197          0    0    1              0.393        0.516        0.000
       198          0    0    1              0.433        0.250        0.000
       199          0    0    1              0.446        0.227        0.000
       200          0    0    1              0.440        0.271        0.000
       201          0    0    1              0.414        0.334        0.000
       202          0    0    1              0.433        0.331        0.000
       203          0    0    1              0.445        0.293        0.000
       204          0    0    1              0.447        0.313        0.000
       205          0    0    1              0.447        0.327        0.000
       206          0    0    1              0.045        0.571        0.000
       207          0    0    1              0.070        0.593        0.000
       208          0    0    1              0.137        0.591        0.000
       209          0    0    1              0.102        0.601        0.000
       210          0    0    1              0.028        0.610        0.000
       211          1    0    1              0.000        0.650        0.000
       212          0    0    1              0.171        0.621        0.000
       213          0    0    1              0.325        0.534        0.000
       214          0    0    1              0.309        0.577        0.000
       215          0    0    1              0.275        0.613        0.000
       216          0    0    1              0.224        0.629        0.000
       217          0    0    1              0.372        0.547        0.000
       218          0    0    1              0.405        0.346        0.000
       219          0    0    1              0.409        0.368        0.000
       220          0    0    1              0.407        0.386        0.000
       221          0    0    1              0.417        0.403        0.000
       222          0    0    1              0.411        0.427        0.000
       223          0    0    1              0.386        0.445        0.000
       224          0    0    1              0.408        0.484        0.000
       225          0    0    1              0.430        0.542        0.000
       226          0    0    1              0.439        0.239        0.000
       227          0    0    1              0.448        0.259        0.000
       228          0    0    1              0.451        0.215        0.000
       229          0    0    1              0.461        0.235        0.000
       230          0    0    1              0.455        0.282        0.000
       231          0    0    1              0.427        0.343        0.000
       232          0    0    1              0.446        0.336        0.000
       233          0    0    1              0.457        0.304        0.000
       234          0    0    1              0.455        0.324        0.000
       235          0    0    1              0.054        0.605        0.000
       236          0    0    1              0.090        0.608        0.000
       237          0    0    1              0.131        0.627        0.000
       238          0    0    1              0.041        0.659        0.000
       239          1    0    1              0.000        0.718        0.000
       240          0    0    1              0.200        0.663        0.000
       241          0    0    1              0.343        0.568        0.000
       242          0    0    1              0.319        0.624        0.000
       243          0    0    1              0.266        0.660        0.000
       244          0    0    1              0.405        0.585        0.000
       245          0    0    1              0.419        0.356        0.000
       246          0    0    1              0.422        0.384        0.000
       247          0    0    1              0.432        0.419        0.000
       248          0    0    1              0.414        0.452        0.000
       249          0    0    1              0.447        0.499        0.000
       250          0    0    1              0.478        0.569        0.000
       251          0    0    1              0.467        0.179        0.000
       252          0    0    1              0.457        0.203        0.000
       253          0    0    1              0.455        0.247        0.000
       254          0    0    1              0.464        0.269        0.000
       255          0    0    1              0.467        0.222        0.000
       256          0    0    1              0.478        0.242        0.000
       257          0    0    1              0.469        0.294        0.000
       258          0    0    1              0.442        0.351        0.000
       259          0    0    1              0.460        0.338        0.000
       260          0    0    1              0.468        0.318        0.000
       261          0    0    1              0.489        0.104        0.000
       262          0    0    1              0.497        0.052        0.000
       263          0    0    1              0.085        0.639        0.000
       264          0    0    1              0.163        0.693        0.000
       265          0    0    1              0.059        0.727        0.000
       266          1    0    1              0.000        0.809        0.000
       267          0    0    1              0.243        0.711        0.000
       268          0    0    1              0.371        0.618        0.000
       269          0    0    1              0.322        0.687        0.000
       270          0    0    1              0.454        0.629        0.000
       271          0    0    1              0.435        0.367        0.000
       272          0    0    1              0.447        0.399        0.000
       273          0    0    1              0.455        0.451        0.000
       274          0    0    1              0.494        0.518        0.000
       275          0    0    1              0.535        0.594        0.000
       276          0    0    1              0.590        0.684        0.000
       277          0    0    1              0.471        0.167        0.000
       278          0    0    1              0.462        0.191        0.000
       279          0    0    1              0.484        0.183        0.000
       280          0    0    1              0.474        0.209        0.000
       281          0    0    1              0.481        0.281        0.000
       282          0    0    1              0.472        0.256        0.000
       283          0    0    1              0.484        0.229        0.000
       284          0    0    1              0.491        0.247        0.000
       285          0    0    1              0.483        0.309        0.000
       286          0    0    1              0.461        0.355        0.000
       287          0    0    1              0.478        0.334        0.000
       288          0    0    1              0.513        0.315        0.000
       289          0    0    1              0.479        0.142        0.000
       290          0    0    1              0.492        0.091        0.000
       291          0    0    1              0.486        0.117        0.000
       292          0    0    1              0.506        0.105        0.000
       293          0    0    1              0.496        0.065        0.000
       294          0    0    1              0.511        0.054        0.000
       295          0    0    1              0.498        0.039        0.000
       296          0    0    1              0.115        0.716        0.000
       297          0    0    1              0.205        0.760        0.000
       298          0    0    1              0.079        0.818        0.000
       299          1    0    1              0.000        0.931        0.000
       300          0    0    1              0.303        0.761        0.000
       301          0    0    1              0.406        0.701        0.000
       302          0    0    1              0.519        0.664        0.000
       303          0    0    1              0.589        0.776        0.000
       304          0    0    1              0.457        0.377        0.000
       305          0    0    1              0.475        0.415        0.000
       306          0    0    1              0.505        0.469        0.000
       307          0    0    1              0.548        0.535        0.000
       308          0    0    1              0.599        0.612        0.000
       309          0    0    1              0.661        0.698        0.000
       310          0    0    1              0.476        0.155        0.000
       311          0    0    1              0.489        0.170        0.000
       312          0    0    1              0.480        0.196        0.000
       313          0    0    1              0.502        0.187        0.000
       314          0    0    1              0.492        0.216        0.000
       315          0    0    1              0.498        0.297        0.000
       316          0    0    1              0.495        0.264        0.000
       317          0    0    1              0.500        0.238        0.000
       318          0    0    1              0.496        0.327        0.000
       319          0    0    1              0.484        0.356        0.000
       320          0    0    1              0.524        0.330        0.000
       321          0    0    1              0.531        0.303        0.000
       322          0    0    1              0.483        0.129        0.000
       323          0    0    1              0.497        0.145        0.000
       324          0    0    1              0.494        0.078        0.000
       325          0    0    1              0.507        0.092        0.000
       326          0    0    1              0.504        0.118        0.000
       327          0    0    1              0.524        0.105        0.000
       328          0    0    1              0.510        0.067        0.000
       329          0    0    1              0.525        0.056        0.000
       330          0    0    1              0.513        0.042        0.000
       331          0    0    1              0.499        0.026        0.000
       332          0    0    1              0.149        0.800        0.000
       333          0    0    1              0.264        0.837        0.000
       334          0    0    1              0.106        0.940        0.000
       335          1    0    1              0.000        1.096        0.000
       336          0    0    1              0.668        0.788        0.000
       337          0    0    1              0.383        0.812        0.000
       338          0    0    1              0.502        0.755        0.000
       339          0    0    1              0.599        0.880        0.000
       340          0    0    1              0.483        0.384        0.000
       341          0    0    1              0.513        0.426        0.000
       342          0    0    1              0.555        0.481        0.000
       343          0    0    1              0.607        0.547        0.000
       344          0    0    1              0.667        0.626        0.000
       345          0    0    1              0.740        0.719        0.000
       346          0    0    1              0.493        0.158        0.000
       347          0    0    1              0.506        0.174        0.000
       348          0    0    1              0.498        0.201        0.000
       349          0    0    1              0.516        0.188        0.000
       350          0    0    1              0.512        0.224        0.000
       351          0    0    1              0.515        0.284        0.000
       352          0    0    1              0.515        0.252        0.000
       353          0    0    1              0.516        0.351        0.000
       354          0    0    1              0.544        0.326        0.000
       355          0    0    1              0.554        0.290        0.000
       356          0    0    1              0.501        0.131        0.000
       357          0    0    1              0.516        0.147        0.000
       358          0    0    1              0.509        0.079        0.000
       359          0    0    1              0.524        0.091        0.000
       360          0    0    1              0.523        0.119        0.000
       361          0    0    1              0.542        0.104        0.000
       362          0    0    1              0.524        0.067        0.000
       363          0    0    1              0.536        0.057        0.000
       364          0    0    1              0.528        0.045        0.000
       365          0    0    1              0.516        0.029        0.000
       366          0    0    1              0.500        0.013        0.000
       367          0    0    1              0.722        0.776        0.000
       368          0    0    1              0.200        0.905        0.000
       369          0    0    1              0.333        0.931        0.000
       370          0    0    1              0.141        1.105        0.000
       371          1    0    1              0.000        1.318        0.000
       372          0    0    1              0.692        0.874        0.000
       373          0    0    1              0.487        0.883        0.000
       374          0    0    1              0.615        0.970        0.000
       375          0    0    1              0.517        0.388        0.000
       376          0    0    1              0.558        0.433        0.000
       377          0    0    1              0.609        0.488        0.000
       378          0    0    1              0.671        0.557        0.000
       379          0    0    1              0.739        0.642        0.000
       380          0    0    1              0.805        0.749        0.000
       381          0    0    1              0.511        0.161        0.000
       382          0    0    1              0.522        0.179        0.000
       383          0    0    1              0.523        0.203        0.000
       384          0    0    1              0.532        0.237        0.000
       385          0    0    1              0.534        0.269        0.000
       386          0    0    1              0.578        0.274        0.000
       387          0    0    1              0.551        0.354        0.000
       388          0    0    1              0.571        0.316        0.000
       389          0    0    1              0.520        0.133        0.000
       390          0    0    1              0.536        0.147        0.000
       391          0    0    1              0.524        0.079        0.000
       392          0    0    1              0.541        0.090        0.000
       393          0    0    1              0.543        0.119        0.000
       394          0    0    1              0.561        0.100        0.000
       395          0    0    1              0.539        0.065        0.000
       396          0    0    1              0.542        0.050        0.000
       397          0    0    1              0.533        0.032        0.000
       398          0    0    1              0.517        0.015        0.000
       399          0    1    1              0.500        0.000        0.000
       400          0    0    1              0.772        0.829        0.000
       401          0    0    1              0.419        0.953        0.000
       402          0    0    1              0.283        1.032        0.000
       403          0    0    1              0.173        1.325        0.000
       404          1    0    1              0.000        1.617        0.000
       405          1    0    1              0.000        4.000        0.000
       406          0    0    1              0.901        1.089        0.000
       407          0    0    1              0.718        1.014        0.000
       408          0    0    1              0.544        1.015        0.000
       409          0    0    1              0.980        0.881        0.000
       410          0    0    1              0.903        0.783        0.000
       411          0    0    1              0.556        0.390        0.000
       412          0    0    1              0.607        0.435        0.000
       413          0    0    1              0.670        0.491        0.000
       414          0    0    1              0.742        0.564        0.000
       415          0    0    1              0.815        0.656        0.000
       416          0    0    1              0.529        0.165        0.000
       417          0    0    1              0.541        0.186        0.000
       418          0    0    1              0.550        0.217        0.000
       419          0    0    1              0.555        0.253        0.000
       420          0    0    1              0.607        0.252        0.000
       421          0    0    1              0.603        0.300        0.000
       422          0    0    1              0.587        0.348        0.000
       423          0    0    1              0.541        0.133        0.000
       424          0    0    1              0.550        0.154        0.000
       425          0    0    1              0.541        0.077        0.000
       426          0    0    1              0.555        0.090        0.000
       427          0    0    1              0.567        0.116        0.000
       428          0    0    1              0.580        0.093        0.000
       429          0    0    1              0.554        0.059        0.000
       430          0    0    1              0.552        0.037        0.000
       431          0    0    1              0.536        0.017        0.000
       432          0    1    1              0.515        0.000        0.000
       433          0    0    1              0.881        0.936        0.000
       434          0    0    1              0.448        1.058        0.000
       435          0    0    1              0.341        1.285        0.000
       436          0    0    1              0.208        1.595        0.000
       437          0    0    1              0.400        4.000        0.000
       438          1    0    1              0.000        1.990        0.000
       439          1    0    1              0.000        3.598        0.000
       440          0    0    1              0.988        1.128        0.000
       441          0    0    1              0.811        1.158        0.000
       442          0    0    1              0.616        1.140        0.000
       443          0    0    1              1.045        0.923        0.000
       444          0    0    1              0.988        0.796        0.000
       445          0    0    1              0.904        0.674        0.000
       446          0    0    1              0.599        0.387        0.000
       447          0    0    1              0.662        0.431        0.000
       448          0    0    1              0.738        0.490        0.000
       449          0    0    1              0.821        0.571        0.000
       450          0    0    1              0.551        0.168        0.000
       451          0    0    1              0.567        0.195        0.000
       452          0    0    1              0.577        0.232        0.000
       453          0    0    1              0.632        0.225        0.000
       454          0    0    1              0.639        0.278        0.000
       455          0    0    1              0.626        0.334        0.000
       456          0    0    1              0.567        0.142        0.000
       457          0    0    1              0.562        0.076        0.000
       458          0    0    1              0.593        0.107        0.000
       459          0    0    1              0.594        0.079        0.000
       460          0    0    1              0.571        0.047        0.000
       461          0    0    1              0.560        0.020        0.000
       462          0    1    1              0.536        0.000        0.000
       463          0    0    1              1.018        1.004        0.000
       464          0    0    1              1.600        4.000        0.000
       465          0    0    1              0.493        1.225        0.000
       466          0    0    1              0.406        1.523        0.000
       467          0    0    1              0.800        4.000        0.000
       468          0    0    1              0.254        1.911        0.000
       469          0    0    1              0.407        3.549        0.000
       470          1    0    1              0.000        2.392        0.000
       471          1    0    1              0.000        3.196        0.000
       472          0    0    1              1.095        1.184        0.000
       473          0    0    1              0.937        1.279        0.000
       474          0    0    1              0.716        1.293        0.000
       475          0    0    1              1.140        0.946        0.000
       476          0    0    1              1.079        0.813        0.000
       477          0    0    1              1.002        0.691        0.000
       478          0    0    1              0.912        0.578        0.000
       479          0    0    1              0.647        0.378        0.000
       480          0    0    1              0.725        0.421        0.000
       481          0    0    1              0.818        0.487        0.000
       482          0    0    1              0.576        0.168        0.000
       483          0    0    1              0.599        0.207        0.000
       484          0    0    1              0.647        0.197        0.000
       485          0    0    1              0.671        0.245        0.000
       486          0    0    1              0.673        0.313        0.000
       487          0    0    1              0.609        0.132        0.000
       488          0    0    1              0.588        0.062        0.000
       489          0    0    1              0.616        0.086        0.000
       490          0    0    1              0.592        0.024        0.000
       491          0    1    1              0.563        0.000        0.000
       492          0    0    1              2.000        4.000        0.000
       493          0    0    1              1.115        1.059        0.000
       494          0    0    1              1.200        4.000        0.000
       495          0    0    1              1.684        3.530        0.000
       496          0    0    1              0.579        1.419        0.000
       497          0    0    1              0.494        1.792        0.000
       498          0    0    1              0.832        3.504        0.000
       499          0    0    1              0.310        2.269        0.000
       500          0    0    1              0.399        3.098        0.000
       501          1    0    1              0.000        2.794        0.000
       502          0    0    1              1.201        1.222        0.000
       503          0    0    1              1.074        1.348        0.000
       504          0    0    1              0.838        1.477        0.000
       505          0    0    1              1.236        0.989        0.000
       506          0    0    1              1.180        0.850        0.000
       507          0    0    1              1.109        0.715        0.000
       508          0    0    1              1.017        0.589        0.000
       509          0    0    1              0.911        0.483        0.000
       510          0    0    1              0.704        0.361        0.000
       511          0    0    1              0.802        0.404        0.000
       512          0    0    1              0.626        0.170        0.000
       513          0    0    1              0.691        0.198        0.000
       514          0    0    1              0.722        0.277        0.000
       515          0    0    1              0.651        0.109        0.000
       516          0    0    1              0.621        0.048        0.000
       517          0    1    1              0.600        0.000        0.000
       518          0    0    1              2.400        4.000        0.000
       519          0    0    1              2.078        3.575        0.000
       520          0    0    1              1.209        1.092        0.000
       521          0    0    1              1.271        1.201        0.000
       522          0    0    1              1.270        3.489        0.000
       523          0    0    1              1.803        3.089        0.000
       524          0    0    1              0.707        1.637        0.000
       525          0    0    1              0.623        2.111        0.000
       526          0    0    1              0.837        2.991        0.000
       527          0    0    1              0.364        2.665        0.000
       528          0    0    1              1.222        1.329        0.000
       529          0    0    1              1.064        1.623        0.000
       530          0    0    1              1.326        1.035        0.000
       531          0    0    1              1.283        0.897        0.000
       532          0    0    1              1.223        0.750        0.000
       533          0    0    1              1.135        0.608        0.000
       534          0    0    1              1.026        0.485        0.000
       535          0    0    1              0.902        0.387        0.000
       536          0    0    1              0.773        0.330        0.000
       537          0    0    1              0.684        0.153        0.000
       538          0    0    1              0.764        0.217        0.000
       539          0    0    1              0.691        0.066        0.000
       540          0    1    1              0.650        0.000        0.000
       541          0    0    1              2.800        4.000        0.000
       542          0    0    1              2.465        3.599        0.000
       543          0    0    1              2.161        3.174        0.000
       544          0    0    1              1.957        2.747        0.000
       545          0    0    1              1.296        1.132        0.000
       546          0    0    1              1.320        1.270        0.000
       547          0    0    1              1.375        2.879        0.000
       548          0    0    1              0.852        1.939        0.000
       549          0    0    1              0.762        2.504        0.000
       550          0    0    1              1.290        1.490        0.000
       551          0    0    1              1.265        1.807        0.000
       552          0    0    1              1.418        1.102        0.000
       553          0    0    1              1.379        0.952        0.000
       554          0    0    1              1.339        0.801        0.000
       555          0    0    1              1.267        0.640        0.000
       556          0    0    1              1.158        0.492        0.000
       557          0    0    1              1.019        0.375        0.000
       558          0    0    1              0.874        0.273        0.000
       559          0    0    1              0.764        0.115        0.000
       560          0    1    1              0.717        0.000        0.000
       561          0    0    1              4.000        4.000        0.000
       562          0    0    1              3.200        4.000        0.000
       563          0    0    1              2.854        3.610        0.000
       564          0    0    1              2.526        3.211        0.000
       565          0    0    1              2.239        2.822        0.000
       566          0    0    1              1.702        2.565        0.000
       567          0    0    1              2.069        2.540        0.000
       568          0    0    1              1.377        1.186        0.000
       569          0    0    1              1.487        1.149        0.000
       570          0    0    1              1.416        1.367        0.000
       571          0    0    1              1.242        2.206        0.000
       572          0    0    1              1.452        1.720        0.000
       573          0    0    1              1.471        1.028        0.000
       574          0    0    1              1.453        0.873        0.000
       575          0    0    1              1.406        0.692        0.000
       576          0    0    1              1.314        0.517        0.000
       577          0    0    1              1.159        0.362        0.000
       578          0    0    1              1.000        0.298        0.000
       579          0    0    1              0.919        0.141        0.000
       580          0    1    1              0.808        0.000        0.000
       581          0    0    1              4.400        4.000        0.000
       582          0    0    1              3.600        4.000        0.000
       583          0    0    1              4.038        3.616        0.000
       584          0    0    1              3.248        3.614        0.000
       585          0    0    1              2.904        3.224        0.000
       586          0    0    1              2.574        2.843        0.000
       587          0    0    1              1.617        2.304        0.000
       588          0    0    1              2.280        2.521        0.000
       589          0    0    1              1.971        2.359        0.000
       590          0    0    1              1.564        1.106        0.000
       591          0    0    1              1.483        1.247        0.000
       592          0    0    1              1.572        1.480        0.000
       593          0    0    1              1.623        1.936        0.000
       594          0    0    1              1.548        0.962        0.000
       595          0    0    1              1.542        0.771        0.000
       596          0    0    1              1.487        0.567        0.000
       597          0    0    1              1.343        0.369        0.000
       598          0    0    1              1.101        0.198        0.000
       599          0    1    1              0.930        0.000        0.000
       600          0    0    1              4.800        4.000        0.000
       601          0    0    1              4.432        3.615        0.000
       602          0    0    1              3.643        3.616        0.000
       603          0    0    1              4.076        3.233        0.000
       604          0    0    1              3.292        3.230        0.000
       605          0    0    1              2.943        2.844        0.000
       606          0    0    1              2.590        2.490        0.000
       607          0    0    1              1.602        1.046        0.000
       608          0    0    1              1.810        2.117        0.000
       609          0    0    1              2.241        2.227        0.000
       610          0    0    1              1.653        1.239        0.000
       611          0    0    1              1.806        1.627        0.000
       612          0    0    1              1.665        0.895        0.000
       613          0    0    1              1.668        0.652        0.000
       614          0    0    1              1.559        0.407        0.000
       615          0    0    1              1.346        0.195        0.000
       616          0    1    1              1.095        0.000        0.000
       617          0    0    1              5.200        4.000        0.000
       618          0    0    1              4.825        3.613        0.000
       619          0    0    1              4.465        3.232        0.000
       620          0    0    1              3.685        3.232        0.000
       621          0    0    1              4.114        2.850        0.000
       622          0    0    1              3.331        2.844        0.000
       623          0    0    1              2.960        2.462        0.000
       624          0    0    1              2.563        2.145        0.000
       625          0    0    1              1.727        1.050        0.000
       626          0    0    1              2.147        1.782        0.000
       627          0    0    1              1.938        1.319        0.000
       628          0    0    1              1.843        0.794        0.000
       629          0    0    1              1.798        0.480        0.000
       630          0    0    1              1.608        0.214        0.000
       631          0    1    1              1.316        0.000        0.000
       632          0    0    1              5.600        4.000        0.000
       633          0    0    1              5.217        3.609        0.000
       634          0    0    1              4.850        3.226        0.000
       635          0    0    1              4.497        2.849        0.000
       636          0    0    1              3.725        2.846        0.000
       637          0    0    1              4.155        2.468        0.000
       638          0    0    1              3.362        2.447        0.000
       639          0    0    1              2.939        2.056        0.000
       640          0    0    1              2.504        1.864        0.000
       641          0    0    1              1.958        1.018        0.000
       642          0    0    1              2.313        1.396        0.000
       643          0    0    1              2.059        0.612        0.000
       644          0    0    1              1.908        0.255        0.000
       645          0    1    1              1.615        0.000        0.000
       646          0    0    1              6.000        4.000        0.000
       647          0    0    1              5.608        3.605        0.000
       648          0    0    1              5.233        3.219        0.000
       649          0    0    1              4.873        2.841        0.000
       650          0    0    1              4.525        2.470        0.000
       651          0    0    1              3.767        2.453        0.000
       652          0    0    1              4.191        2.091        0.000
       653          0    0    1              3.384        2.017        0.000
       654          0    0    1              2.811        1.567        0.000
       655          0    0    1              2.378        0.886        0.000
       656          0    0    1              2.243        0.325        0.000
       657          0    1    1              1.987        0.000        0.000
       658          0    0    1              6.000        3.600        0.000
       659          0    0    1              5.616        3.209        0.000
       660          0    0    1              5.248        2.829        0.000
       661          0    0    1              4.891        2.458        0.000
       662          0    0    1              4.542        2.102        0.000
       663          0    0    1              3.820        2.036        0.000
       664          0    0    1              4.238        1.806        0.000
       665          0    0    1              3.409        1.529        0.000
       666          0    0    1              2.933        0.972        0.000
       667          0    0    1              2.624        0.414        0.000
       668          0    1    1              2.388        0.000        0.000
       669          0    0    1              6.000        3.200        0.000
       670          0    0    1              5.623        2.815        0.000
       671          0    0    1              5.258        2.440        0.000
       672          0    0    1              4.896        2.078        0.000
       673          0    0    1              4.515        1.747        0.000
       674          0    0    1              3.977        1.549        0.000
       675          0    0    1              3.453        1.000        0.000
       676          0    0    1              3.063        0.469        0.000
       677          0    1    1              2.790        0.000        0.000
       678          0    0    1              6.000        2.800        0.000
       679          0    0    1              5.628        2.420        0.000
       680          0    0    1              5.261        2.051        0.000
       681          0    0    1              4.883        1.698        0.000
       682          0    0    1              4.447        1.373        0.000
       683          0    0    1              3.950        0.986        0.000
       684          0    0    1              3.518        0.489        0.000
       685          0    1    1              3.191        0.000        0.000
       686          0    0    1              6.000        2.400        0.000
       687          0    0    1              5.630        2.025        0.000
       688          0    0    1              5.254        1.659        0.000
       689          0    0    1              4.854        1.302        0.000
       690          0    0    1              4.405        0.932        0.000
       691          0    0    1              3.963        0.485        0.000
       692          0    1    1              3.592        0.000        0.000
       693          0    0    1              6.000        2.000        0.000
       694          0    0    1              5.626        1.628        0.000
       695          0    0    1              5.239        1.258        0.000
       696          0    0    1              4.824        0.882        0.000
       697          0    0    1              4.392        0.466        0.000
       698          0    1    1              3.993        0.000        0.000
       699          0    0    1              6.000        1.600        0.000
       700          0    0    1              5.620        1.227        0.000
       701          0    0    1              5.223        0.847        0.000
       702          0    0    1              4.805        0.444        0.000
       703          0    1    1              4.395        0.000        0.000
       704          0    0    1              6.000        1.200        0.000
       705          0    0    1              5.612        0.821        0.000
       706          0    0    1              5.208        0.426        0.000
       707          0    1    1              4.796        0.000        0.000
       708          0    0    1              6.000        0.800        0.000
       709          0    0    1              5.605        0.412        0.000
       710          0    1    1              5.197        0.000        0.000
       711          0    0    1              6.000        0.400        0.000
       712          0    1    1              5.599        0.000        0.000
       713          0    1    1              6.000        0.000        0.000


 EQUATION NUMBERS

        NODE         DEGREES OF FREEDOM
       NUMBER
          N                  X         Y         Z
          1                  1         2         0
          2                  3         4         0
          3                  5         6         0
          4                  7         8         0
          5                  9        10         0
          6                 11        12         0
          7                 13        14         0
          8                 15        16         0
          9                 17        18         0
         10                 19        20         0
         11                 21        22         0
         12                 23        24         0
         13                 25        26         0
         14                 27        28         0
         15                 29        30         0
         16                 31        32         0
         17                 33        34         0
         18                 35        36         0
         19                 37        38         0
         20                 39        40         0
         21                 41        42         0
         22                 43        44         0
         23                 45        46         0
         24                 47        48         0
         25                 49        50         0
         26                 51        52         0
         27                 53        54         0
         28                 55        56         0
         29                 57        58         0
         30                 59        60         0
         31                 61        62         0
         32                 63        64         0
         33                 65        66         0
         34                 67        68         0
         35                 69        70         0
         36                 71        72         0
         37                 73        74         0
         38                 75        76         0
         39                 77        78         0
         40                 79        80         0
         41                 81        82         0
         42                 83        84         0
         43                 85        86         0
         44                 87        88         0
         45                 89        90         0
         46                 91        92         0
         47                 93        94         0
         48                 95        96         0
         49                 97        98         0
         50                 99       100         0
         51                101       102         0
         52                103       104         0
         53                105       106         0
         54                107       108         0
         55                109       110         0
         56                111       112         0
         57                113       114         0
         58                  0       115         0
         59                116       117         0
         60                118       119         0
         61                120       121         0
         62                122       123         0
         63                124       125         0
         64                126       127         0
         65                128       129         0
         66                130       131         0
         67                132       133         0
         68                134       135         0
         69                136       137         0
         70                138       139         0
         71                140       141         0
         72                142       143         0
         73                144       145         0
         74                146       147         0
         75                148       149         0
         76                150       151         0
         77                152       153         0
         78                154       155         0
         79                156       157         0
         80                158       159         0
         81                160       161         0
         82                162       163         0
         83                164       165         0
         84                166       167         0
         85                168       169         0
         86                170       171         0
         87                  0       172         0
         88                173       174         0
         89                175       176         0
         90                177       178         0
         91                179       180         0
         92                181       182         0
         93                183       184         0
         94                185       186         0
         95                187       188         0
         96                189       190         0
         97                191       192         0
         98                193       194         0
         99                195       196         0
        100                197       198         0
        101                199       200         0
        102                201       202         0
        103                203       204         0
        104                205       206         0
        105                207       208         0
        106                209       210         0
        107                211       212         0
        108                213       214         0
        109                215       216         0
        110                217       218         0
        111                219       220         0
        112                221       222         0
        113                223       224         0
        114                225       226         0
        115                227       228         0
        116                229       230         0
        117                231       232         0
        118                  0       233         0
        119                234       235         0
        120                236       237         0
        121                238       239         0
        122                240       241         0
        123                242       243         0
        124                244       245         0
        125                246       247         0
        126                248       249         0
        127                250       251         0
        128                252       253         0
        129                254       255         0
        130                256       257         0
        131                258       259         0
        132                260       261         0
        133                262       263         0
        134                264       265         0
        135                266       267         0
        136                268       269         0
        137                270       271         0
        138                272       273         0
        139                274       275         0
        140                276       277         0
        141                278       279         0
        142                280       281         0
        143                282       283         0
        144                284       285         0
        145                286       287         0
        146                288       289         0
        147                290       291         0
        148                292       293         0
        149                294       295         0
        150                296       297         0
        151                  0       298         0
        152                299       300         0
        153                301       302         0
        154                303       304         0
        155                305       306         0
        156                307       308         0
        157                309       310         0
        158                311       312         0
        159                313       314         0
        160                315       316         0
        161                317       318         0
        162                319       320         0
        163                321       322         0
        164                323       324         0
        165                325       326         0
        166                327       328         0
        167                329       330         0
        168                331       332         0
        169                333       334         0
        170                335       336         0
        171                337       338         0
        172                339       340         0
        173                341       342         0
        174                343       344         0
        175                345       346         0
        176                347       348         0
        177                349       350         0
        178                351       352         0
        179                353       354         0
        180                355       356         0
        181                  0       357         0
        182                358       359         0
        183                360       361         0
        184                362       363         0
        185                364       365         0
        186                366       367         0
        187                368       369         0
        188                370       371         0
        189                372       373         0
        190                374       375         0
        191                376       377         0
        192                378       379         0
        193                380       381         0
        194                382       383         0
        195                384       385         0
        196                386       387         0
        197                388       389         0
        198                390       391         0
        199                392       393         0
        200                394       395         0
        201                396       397         0
        202                398       399         0
        203                400       401         0
        204                402       403         0
        205                404       405         0
        206                406       407         0
        207                408       409         0
        208                410       411         0
        209                412       413         0
        210                414       415         0
        211                  0       416         0
        212                417       418         0
        213                419       420         0
        214                421       422         0
        215                423       424         0
        216                425       426         0
        217                427       428         0
        218                429       430         0
        219                431       432         0
        220                433       434         0
        221                435       436         0
        222                437       438         0
        223                439       440         0
        224                441       442         0
        225                443       444         0
        226                445       446         0
        227                447       448         0
        228                449       450         0
        229                451       452         0
        230                453       454         0
        231                455       456         0
        232                457       458         0
        233                459       460         0
        234                461       462         0
        235                463       464         0
        236                465       466         0
        237                467       468         0
        238                469       470         0
        239                  0       471         0
        240                472       473         0
        241                474       475         0
        242                476       477         0
        243                478       479         0
        244                480       481         0
        245                482       483         0
        246                484       485         0
        247                486       487         0
        248                488       489         0
        249                490       491         0
        250                492       493         0
        251                494       495         0
        252                496       497         0
        253                498       499         0
        254                500       501         0
        255                502       503         0
        256                504       505         0
        257                506       507         0
        258                508       509         0
        259                510       511         0
        260                512       513         0
        261                514       515         0
        262                516       517         0
        263                518       519         0
        264                520       521         0
        265                522       523         0
        266                  0       524         0
        267                525       526         0
        268                527       528         0
        269                529       530         0
        270                531       532         0
        271                533       534         0
        272                535       536         0
        273                537       538         0
        274                539       540         0
        275                541       542         0
        276                543       544         0
        277                545       546         0
        278                547       548         0
        279                549       550         0
        280                551       552         0
        281                553       554         0
        282                555       556         0
        283                557       558         0
        284                559       560         0
        285                561       562         0
        286                563       564         0
        287                565       566         0
        288                567       568         0
        289                569       570         0
        290                571       572         0
        291                573       574         0
        292                575       576         0
        293                577       578         0
        294                579       580         0
        295                581       582         0
        296                583       584         0
        297                585       586         0
        298                587       588         0
        299                  0       589         0
        300                590       591         0
        301                592       593         0
        302                594       595         0
        303                596       597         0
        304                598       599         0
        305                600       601         0
        306                602       603         0
        307                604       605         0
        308                606       607         0
        309                608       609         0
        310                610       611         0
        311                612       613         0
        312                614       615         0
        313                616       617         0
        314                618       619         0
        315                620       621         0
        316                622       623         0
        317                624       625         0
        318                626       627         0
        319                628       629         0
        320                630       631         0
        321                632       633         0
        322                634       635         0
        323                636       637         0
        324                638       639         0
        325                640       641         0
        326                642       643         0
        327                644       645         0
        328                646       647         0
        329                648       649         0
        330                650       651         0
        331                652       653         0
        332                654       655         0
        333                656       657         0
        334                658       659         0
        335                  0       660         0
        336                661       662         0
        337                663       664         0
        338                665       666         0
        339                667       668         0
        340                669       670         0
        341                671       672         0
        342                673       674         0
        343                675       676         0
        344                677       678         0
        345                679       680         0
        346                681       682         0
        347                683       684         0
        348                685       686         0
        349                687       688         0
        350                689       690         0
        351                691       692         0
        352                693       694         0
        353                695       696         0
        354                697       698         0
        355                699       700         0
        356                701       702         0
        357                703       704         0
        358                705       706         0
        359                707       708         0
        360                709       710         0
        361                711       712         0
        362                713       714         0
        363                715       716         0
        364                717       718         0
        365                719       720         0
        366                721       722         0
        367                723       724         0
        368                725       726         0
        369                727       728         0
        370                729       730         0
        371                  0       731         0
        372                732       733         0
        373                734       735         0
        374                736       737         0
        375                738       739         0
        376                740       741         0
        377                742       743         0
        378                744       745         0
        379                746       747         0
        380                748       749         0
        381                750       751         0
        382                752       753         0
        383                754       755         0
        384                756       757         0
        385                758       759         0
        386                760       761         0
        387                762       763         0
        388                764       765         0
        389                766       767         0
        390                768       769         0
        391                770       771         0
        392                772       773         0
        393                774       775         0
        394                776       777         0
        395                778       779         0
        396                780       781         0
        397                782       783         0
        398                784       785         0
        399                786         0         0
        400                787       788         0
        401                789       790         0
        402                791       792         0
        403                793       794         0
        404                  0       795         0
        405                  0       796         0
        406                797       798         0
        407                799       800         0
        408                801       802         0
        409                803       804         0
        410                805       806         0
        411                807       808         0
        412                809       810         0
        413                811       812         0
        414                813       814         0
        415                815       816         0
        416                817       818         0
        417                819       820         0
        418                821       822         0
        419                823       824         0
        420                825       826         0
        421                827       828         0
        422                829       830         0
        423                831       832         0
        424                833       834         0
        425                835       836         0
        426                837       838         0
        427                839       840         0
        428                841       842         0
        429                843       844         0
        430                845       846         0
        431                847       848         0
        432                849         0         0
        433                850       851         0
        434                852       853         0
        435                854       855         0
        436                856       857         0
        437                858       859         0
        438                  0       860         0
        439                  0       861         0
        440                862       863         0
        441                864       865         0
        442                866       867         0
        443                868       869         0
        444                870       871         0
        445                872       873         0
        446                874       875         0
        447                876       877         0
        448                878       879         0
        449                880       881         0
        450                882       883         0
        451                884       885         0
        452                886       887         0
        453                888       889         0
        454                890       891         0
        455                892       893         0
        456                894       895         0
        457                896       897         0
        458                898       899         0
        459                900       901         0
        460                902       903         0
        461                904       905         0
        462                906         0         0
        463                907       908         0
        464                909       910         0
        465                911       912         0
        466                913       914         0
        467                915       916         0
        468                917       918         0
        469                919       920         0
        470                  0       921         0
        471                  0       922         0
        472                923       924         0
        473                925       926         0
        474                927       928         0
        475                929       930         0
        476                931       932         0
        477                933       934         0
        478                935       936         0
        479                937       938         0
        480                939       940         0
        481                941       942         0
        482                943       944         0
        483                945       946         0
        484                947       948         0
        485                949       950         0
        486                951       952         0
        487                953       954         0
        488                955       956         0
        489                957       958         0
        490                959       960         0
        491                961         0         0
        492                962       963         0
        493                964       965         0
        494                966       967         0
        495                968       969         0
        496                970       971         0
        497                972       973         0
        498                974       975         0
        499                976       977         0
        500                978       979         0
        501                  0       980         0
        502                981       982         0
        503                983       984         0
        504                985       986         0
        505                987       988         0
        506                989       990         0
        507                991       992         0
        508                993       994         0
        509                995       996         0
        510                997       998         0
        511                999      1000         0
        512               1001      1002         0
        513               1003      1004         0
        514               1005      1006         0
        515               1007      1008         0
        516               1009      1010         0
        517               1011         0         0
        518               1012      1013         0
        519               1014      1015         0
        520               1016      1017         0
        521               1018      1019         0
        522               1020      1021         0
        523               1022      1023         0
        524               1024      1025         0
        525               1026      1027         0
        526               1028      1029         0
        527               1030      1031         0
        528               1032      1033         0
        529               1034      1035         0
        530               1036      1037         0
        531               1038      1039         0
        532               1040      1041         0
        533               1042      1043         0
        534               1044      1045         0
        535               1046      1047         0
        536               1048      1049         0
        537               1050      1051         0
        538               1052      1053         0
        539               1054      1055         0
        540               1056         0         0
        541               1057      1058         0
        542               1059      1060         0
        543               1061      1062         0
        544               1063      1064         0
        545               1065      1066         0
        546               1067      1068         0
        547               1069      1070         0
        548               1071      1072         0
        549               1073      1074         0
        550               1075      1076         0
        551               1077      1078         0
        552               1079      1080         0
        553               1081      1082         0
        554               1083      1084         0
        555               1085      1086         0
        556               1087      1088         0
        557               1089      1090         0
        558               1091      1092         0
        559               1093      1094         0
        560               1095         0         0
        561               1096      1097         0
        562               1098      1099         0
        563               1100      1101         0
        564               1102      1103         0
        565               1104      1105         0
        566               1106      1107         0
        567               1108      1109         0
        568               1110      1111         0
        569               1112      1113         0
        570               1114      1115         0
        571               1116      1117         0
        572               1118      1119         0
        573               1120      1121         0
        574               1122      1123         0
        575               1124      1125         0
        576               1126      1127         0
        577               1128      1129         0
        578               1130      1131         0
        579               1132      1133         0
        580               1134         0         0
        581               1135      1136         0
        582               1137      1138         0
        583               1139      1140         0
        584               1141      1142         0
        585               1143      1144         0
        586               1145      1146         0
        587               1147      1148         0
        588               1149      1150         0
        589               1151      1152         0
        590               1153      1154         0
        591               1155      1156         0
        592               1157      1158         0
        593               1159      1160         0
        594               1161      1162         0
        595               1163      1164         0
        596               1165      1166         0
        597               1167      1168         0
        598               1169      1170         0
        599               1171         0         0
        600               1172      1173         0
        601               1174      1175         0
        602               1176      1177         0
        603               1178      1179         0
        604               1180      1181         0
        605               1182      1183         0
        606               1184      1185         0
        607               1186      1187         0
        608               1188      1189         0
        609               1190      1191         0
        610               1192      1193         0
        611               1194      1195         0
        612               1196      1197         0
        613               1198      1199         0
        614               1200      1201         0
        615               1202      1203         0
        616               1204         0         0
        617               1205      1206         0
        618               1207      1208         0
        619               1209      1210         0
        620               1211      1212         0
        621               1213      1214         0
        622               1215      1216         0
        623               1217      1218         0
        624               1219      1220         0
        625               1221      1222         0
        626               1223      1224         0
        627               1225      1226         0
        628               1227      1228         0
        629               1229      1230         0
        630               1231      1232         0
        631               1233         0         0
        632               1234      1235         0
        633               1236      1237         0
        634               1238      1239         0
        635               1240      1241         0
        636               1242      1243         0
        637               1244      1245         0
        638               1246      1247         0
        639               1248      1249         0
        640               1250      1251         0
        641               1252      1253         0
        642               1254      1255         0
        643               1256      1257         0
        644               1258      1259         0
        645               1260         0         0
        646               1261      1262         0
        647               1263      1264         0
        648               1265      1266         0
        649               1267      1268         0
        650               1269      1270         0
        651               1271      1272         0
        652               1273      1274         0
        653               1275      1276         0
        654               1277      1278         0
        655               1279      1280         0
        656               1281      1282         0
        657               1283         0         0
        658               1284      1285         0
        659               1286      1287         0
        660               1288      1289         0
        661               1290      1291         0
        662               1292      1293         0
        663               1294      1295         0
        664               1296      1297         0
        665               1298      1299         0
        666               1300      1301         0
        667               1302      1303         0
        668               1304         0         0
        669               1305      1306         0
        670               1307      1308         0
        671               1309      1310         0
        672               1311      1312         0
        673               1313      1314         0
        674               1315      1316         0
        675               1317      1318         0
        676               1319      1320         0
        677               1321         0         0
        678               1322      1323         0
        679               1324      1325         0
        680               1326      1327         0
        681               1328      1329         0
        682               1330      1331         0
        683               1332      1333         0
        684               1334      1335         0
        685               1336         0         0
        686               1337      1338         0
        687               1339      1340         0
        688               1341      1342         0
        689               1343      1344         0
        690               1345      1346         0
        691               1347      1348         0
        692               1349         0         0
        693               1350      1351         0
        694               1352      1353         0
        695               1354      1355         0
        696               1356      1357         0
        697               1358      1359         0
        698               1360         0         0
        699               1361      1362         0
        700               1363      1364         0
        701               1365      1366         0
        702               1367      1368         0
        703               1369         0         0
        704               1370      1371         0
        705               1372      1373         0
        706               1374      1375         0
        707               1376         0         0
        708               1377      1378         0
        709               1379      1380         0
        710               1381         0         0
        711               1382      1383         0
        712               1384         0         0
        713               1385         0         0


 L O A D   C A S E   D A T A

     LOAD CASE NUMBER . . . . . . . =          1
     NUMBER OF CONCENTRATED LOADS . =         11


        NODE       DIRECTION      LOAD
       NUMBER                   MAGNITUDE
       646            1        2.00000e-01 
       658            1        4.00000e-01 
       669            1        4.00000e-01 
       678            1        4.00000e-01 
       686            1        4.00000e-01 
       693            1        4.00000e-01 
       699            1        4.00000e-01 
       704            1        4.00000e-01 
       708            1        4.00000e-01 
       711            1        4.00000e-01 
       713            1        2.00000e-01 


 E L E M E N T   G R O U P   D A T A


 E L E M E N T   D E F I N I T I O N

 ELEMENT TYPE  . . . . . . . . . . . . .( NPAR(1) ) . . =          2
     EQ.1, TRUSS ELEMENTS
     EQ.2, ELEMENTS CURRENTLY
     EQ.3, NOT AVAILABLE
 NUMBER OF ELEMENTS. . . . . . . . . . .( NPAR(2) ) . . =        650

 M A T E R I A L   D E F I N I T I O N

 NUMBER OF DIFFERENT SETS OF MATERIAL
 AND CROSS-SECTIONAL  CONSTANTS  . . . .( NPAR(3) ) . . =          1
  SET       YOUNG'S       POISSON'S         ELEMENT     GAUSS NUMERICAL  
 NUMBER     MODULUS         RATIO          THICKNESS   INTEGRATION ORDER 
               E              PR              THIC            NINT 
